::1 - - [09/Mar/2025:21:41:05 +0000] "GET /api/products HTTP/1.1" 304 - "-" "Mozilla/5.0 (Windows NT 10.0; Win64; x64) AppleWebKit/537.36 (KHTML, like Gecko) Chrome/134.0.0.0 Safari/537.36"
::1 - - [09/Mar/2025:21:41:08 +0000] "GET /api/products HTTP/1.1" 304 - "-" "Mozilla/5.0 (Windows NT 10.0; Win64; x64) AppleWebKit/537.36 (KHTML, like Gecko) Chrome/134.0.0.0 Safari/537.36"
::1 - - [09/Mar/2025:21:41:20 +0000] "GET /api/products HTTP/1.1" 304 - "-" "Mozilla/5.0 (Windows NT 10.0; Win64; x64) AppleWebKit/537.36 (KHTML, like Gecko) Chrome/134.0.0.0 Safari/537.36"
::ffff:127.0.0.1 - - [09/Mar/2025:21:45:40 +0000] "GET /api/docs/ HTTP/1.1" 304 - "-" "Mozilla/5.0 (Windows NT 10.0; Win64; x64) AppleWebKit/537.36 (KHTML, like Gecko) Chrome/134.0.0.0 Safari/537.36"
::ffff:127.0.0.1 - - [09/Mar/2025:21:45:40 +0000] "GET /api/docs/swagger-ui.css HTTP/1.1" 304 - "http://localhost:9000/api/docs/" "Mozilla/5.0 (Windows NT 10.0; Win64; x64) AppleWebKit/537.36 (KHTML, like Gecko) Chrome/134.0.0.0 Safari/537.36"
::ffff:127.0.0.1 - - [09/Mar/2025:21:45:40 +0000] "GET /api/docs/swagger-ui-init.js HTTP/1.1" 200 - "http://localhost:9000/api/docs/" "Mozilla/5.0 (Windows NT 10.0; Win64; x64) AppleWebKit/537.36 (KHTML, like Gecko) Chrome/134.0.0.0 Safari/537.36"
::1 - - [09/Mar/2025:21:45:40 +0000] "GET /api/docs/swagger-ui-bundle.js HTTP/1.1" 304 - "http://localhost:9000/api/docs/" "Mozilla/5.0 (Windows NT 10.0; Win64; x64) AppleWebKit/537.36 (KHTML, like Gecko) Chrome/134.0.0.0 Safari/537.36"
::1 - - [09/Mar/2025:21:45:40 +0000] "GET /api/docs/swagger-ui-standalone-preset.js HTTP/1.1" 304 - "http://localhost:9000/api/docs/" "Mozilla/5.0 (Windows NT 10.0; Win64; x64) AppleWebKit/537.36 (KHTML, like Gecko) Chrome/134.0.0.0 Safari/537.36"
::1 - - [09/Mar/2025:21:45:41 +0000] "GET /api/docs/favicon-32x32.png HTTP/1.1" 304 - "http://localhost:9000/api/docs/" "Mozilla/5.0 (Windows NT 10.0; Win64; x64) AppleWebKit/537.36 (KHTML, like Gecko) Chrome/134.0.0.0 Safari/537.36"
::1 - - [10/Mar/2025:18:55:01 +0000] "GET /api/docs/ HTTP/1.1" 304 - "-" "Mozilla/5.0 (Windows NT 10.0; Win64; x64) AppleWebKit/537.36 (KHTML, like Gecko) Chrome/134.0.0.0 Safari/537.36"
::1 - - [10/Mar/2025:18:55:01 +0000] "GET /api/docs/swagger-ui-init.js HTTP/1.1" 304 - "http://localhost:9000/api/docs/" "Mozilla/5.0 (Windows NT 10.0; Win64; x64) AppleWebKit/537.36 (KHTML, like Gecko) Chrome/134.0.0.0 Safari/537.36"
::1 - - [10/Mar/2025:18:55:01 +0000] "GET /api/docs/swagger-ui.css HTTP/1.1" 200 - "http://localhost:9000/api/docs/" "Mozilla/5.0 (Windows NT 10.0; Win64; x64) AppleWebKit/537.36 (KHTML, like Gecko) Chrome/134.0.0.0 Safari/537.36"
::1 - - [10/Mar/2025:18:55:01 +0000] "GET /api/docs/swagger-ui-standalone-preset.js HTTP/1.1" 200 - "http://localhost:9000/api/docs/" "Mozilla/5.0 (Windows NT 10.0; Win64; x64) AppleWebKit/537.36 (KHTML, like Gecko) Chrome/134.0.0.0 Safari/537.36"
::1 - - [10/Mar/2025:18:55:01 +0000] "GET /api/docs/swagger-ui-bundle.js HTTP/1.1" 200 - "http://localhost:9000/api/docs/" "Mozilla/5.0 (Windows NT 10.0; Win64; x64) AppleWebKit/537.36 (KHTML, like Gecko) Chrome/134.0.0.0 Safari/537.36"
::1 - - [10/Mar/2025:18:55:01 +0000] "GET /api/docs/favicon-32x32.png HTTP/1.1" 304 - "http://localhost:9000/api/docs/" "Mozilla/5.0 (Windows NT 10.0; Win64; x64) AppleWebKit/537.36 (KHTML, like Gecko) Chrome/134.0.0.0 Safari/537.36"
::1 - - [10/Mar/2025:19:00:12 +0000] "POST /api/sessions/register HTTP/1.1" 401 51 "-" "PostmanRuntime/7.43.0"
::1 - - [10/Mar/2025:19:11:10 +0000] "POST /api/sessions/login HTTP/1.1" 200 45 "-" "-"
::1 - - [10/Mar/2025:19:14:02 +0000] "POST /api/sessions/login HTTP/1.1" 200 45 "-" "-"
::1 - - [10/Mar/2025:23:01:40 +0000] "POST /api/sessions/login HTTP/1.1" 200 45 "-" "-"
::1 - - [10/Mar/2025:23:01:40 +0000] "POST /api/products HTTP/1.1" 500 93 "-" "-"
::1 - - [10/Mar/2025:23:01:40 +0000] "POST /api/products HTTP/1.1" 401 21 "-" "-"
::1 - - [10/Mar/2025:23:01:40 +0000] "POST /api/sessions/signout HTTP/1.1" 200 44 "-" "-"
::1 - - [10/Mar/2025:23:05:02 +0000] "POST /api/sessions/login HTTP/1.1" 200 45 "-" "-"
::1 - - [10/Mar/2025:23:05:02 +0000] "POST /api/products HTTP/1.1" 500 93 "-" "-"
::1 - - [10/Mar/2025:23:05:02 +0000] "POST /api/products HTTP/1.1" 401 21 "-" "-"
::1 - - [10/Mar/2025:23:05:02 +0000] "POST /api/sessions/signout HTTP/1.1" 200 44 "-" "-"
::1 - - [10/Mar/2025:23:05:25 +0000] "POST /api/sessions/login HTTP/1.1" 200 45 "-" "-"
::1 - - [10/Mar/2025:23:05:25 +0000] "POST /api/products HTTP/1.1" 500 93 "-" "-"
::1 - - [10/Mar/2025:23:05:26 +0000] "POST /api/sessions/signout HTTP/1.1" 200 44 "-" "-"
::1 - - [10/Mar/2025:23:06:13 +0000] "POST /api/products/ HTTP/1.1" 401 21 "-" "PostmanRuntime/7.43.0"
::1 - - [10/Mar/2025:23:06:32 +0000] "POST /api/sessions/login HTTP/1.1" 200 45 "-" "PostmanRuntime/7.43.0"
::1 - - [10/Mar/2025:23:06:37 +0000] "POST /api/products/ HTTP/1.1" 500 94 "-" "PostmanRuntime/7.43.0"
::1 - - [10/Mar/2025:23:06:46 +0000] "POST /api/products/ HTTP/1.1" 201 296 "-" "PostmanRuntime/7.43.0"
::1 - - [10/Mar/2025:23:06:59 +0000] "POST /api/sessions/login HTTP/1.1" 200 45 "-" "-"
::1 - - [10/Mar/2025:23:06:59 +0000] "POST /api/products HTTP/1.1" 201 294 "-" "-"
::1 - - [10/Mar/2025:23:06:59 +0000] "POST /api/sessions/signout HTTP/1.1" 200 44 "-" "-"
::1 - - [10/Mar/2025:23:07:40 +0000] "POST /api/sessions/login HTTP/1.1" 200 45 "-" "-"
::1 - - [10/Mar/2025:23:07:40 +0000] "POST /api/products HTTP/1.1" 201 294 "-" "-"
::1 - - [10/Mar/2025:23:07:40 +0000] "POST /api/sessions/signout HTTP/1.1" 200 44 "-" "-"
::1 - - [10/Mar/2025:23:10:26 +0000] "POST /api/sessions/login HTTP/1.1" 200 45 "-" "-"
::1 - - [10/Mar/2025:23:10:27 +0000] "POST /api/products HTTP/1.1" 201 294 "-" "-"
::1 - - [10/Mar/2025:23:10:27 +0000] "POST /api/sessions/signout HTTP/1.1" 200 44 "-" "-"
::1 - - [10/Mar/2025:23:11:27 +0000] "POST /api/sessions/login HTTP/1.1" 200 45 "-" "-"
::1 - - [10/Mar/2025:23:11:27 +0000] "POST /api/products HTTP/1.1" 201 294 "-" "-"
::1 - - [10/Mar/2025:23:11:27 +0000] "POST /api/sessions/signout HTTP/1.1" 200 44 "-" "-"
::1 - - [10/Mar/2025:23:13:12 +0000] "POST /api/sessions/login HTTP/1.1" 200 45 "-" "-"
::1 - - [10/Mar/2025:23:13:12 +0000] "POST /api/products HTTP/1.1" 201 294 "-" "-"
::1 - - [10/Mar/2025:23:13:12 +0000] "POST /api/products/1ae35a3962a91d5e25056ec8 HTTP/1.1" 404 79 "-" "-"
::1 - - [10/Mar/2025:23:13:13 +0000] "POST /api/sessions/signout HTTP/1.1" 200 44 "-" "-"
::1 - - [10/Mar/2025:23:13:35 +0000] "POST /api/sessions/login HTTP/1.1" 200 45 "-" "-"
::1 - - [10/Mar/2025:23:13:35 +0000] "POST /api/products HTTP/1.1" 201 294 "-" "-"
::1 - - [10/Mar/2025:23:13:35 +0000] "POST /api/products/6bb40f544fc27d27d380fccd HTTP/1.1" 404 79 "-" "-"
::1 - - [10/Mar/2025:23:13:35 +0000] "POST /api/sessions/signout HTTP/1.1" 200 44 "-" "-"
::1 - - [10/Mar/2025:23:15:15 +0000] "POST /api/sessions/login HTTP/1.1" 200 45 "-" "-"
::1 - - [10/Mar/2025:23:15:16 +0000] "POST /api/products HTTP/1.1" 201 294 "-" "-"
::1 - - [10/Mar/2025:23:15:16 +0000] "POST /api/products/8b1ee55d2e62807dc4401949 HTTP/1.1" 404 79 "-" "-"
::1 - - [10/Mar/2025:23:15:16 +0000] "POST /api/sessions/signout HTTP/1.1" 200 44 "-" "-"
::1 - - [10/Mar/2025:23:15:55 +0000] "POST /api/sessions/login HTTP/1.1" 200 45 "-" "-"
::1 - - [10/Mar/2025:23:15:55 +0000] "POST /api/products HTTP/1.1" 201 294 "-" "-"
::1 - - [10/Mar/2025:23:15:55 +0000] "POST /api/products/b0c6a501090162597e58d658 HTTP/1.1" 404 79 "-" "-"
::1 - - [10/Mar/2025:23:15:55 +0000] "POST /api/sessions/signout HTTP/1.1" 200 44 "-" "-"
::1 - - [10/Mar/2025:23:17:35 +0000] "POST /api/sessions/login HTTP/1.1" 200 45 "-" "-"
::1 - - [10/Mar/2025:23:17:35 +0000] "POST /api/products HTTP/1.1" 201 294 "-" "-"
::1 - - [10/Mar/2025:23:17:35 +0000] "DELETE /api/products/4bd030428f590404d86f74b2 HTTP/1.1" 200 294 "-" "-"
::1 - - [10/Mar/2025:23:17:36 +0000] "POST /api/sessions/signout HTTP/1.1" 200 44 "-" "-"
::1 - - [10/Mar/2025:23:19:43 +0000] "POST /api/sessions/login HTTP/1.1" 200 45 "-" "-"
::1 - - [10/Mar/2025:23:19:43 +0000] "POST /api/products HTTP/1.1" 201 294 "-" "-"
::1 - - [10/Mar/2025:23:19:43 +0000] "DELETE /api/products/f19ce23c994dcf36536e1ec8 HTTP/1.1" 200 294 "-" "-"
::1 - - [10/Mar/2025:23:19:43 +0000] "POST /api/sessions/signout HTTP/1.1" 200 44 "-" "-"
::1 - - [10/Mar/2025:23:19:46 +0000] "POST /api/sessions/login HTTP/1.1" 200 45 "-" "-"
::1 - - [10/Mar/2025:23:19:46 +0000] "POST /api/products HTTP/1.1" 201 294 "-" "-"
::1 - - [10/Mar/2025:23:19:46 +0000] "DELETE /api/products/c424359d33304d928677a579 HTTP/1.1" 200 294 "-" "-"
::1 - - [10/Mar/2025:23:19:46 +0000] "POST /api/sessions/signout HTTP/1.1" 200 44 "-" "-"
::1 - - [10/Mar/2025:23:21:51 +0000] "POST /api/sessions/login HTTP/1.1" 200 45 "-" "-"
::1 - - [10/Mar/2025:23:21:51 +0000] "POST /api/products HTTP/1.1" 201 294 "-" "-"
::1 - - [10/Mar/2025:23:21:51 +0000] "DELETE /api/products/c9e28451702eedab6f3e329b HTTP/1.1" 200 294 "-" "-"
::1 - - [10/Mar/2025:23:21:51 +0000] "POST /api/sessions/signout HTTP/1.1" 200 44 "-" "-"
::1 - - [10/Mar/2025:23:22:30 +0000] "POST /api/sessions/login HTTP/1.1" 200 45 "-" "-"
::1 - - [10/Mar/2025:23:22:31 +0000] "POST /api/products HTTP/1.1" 201 294 "-" "-"
::1 - - [10/Mar/2025:23:22:31 +0000] "DELETE /api/products/44b9897f40089636bb498e14 HTTP/1.1" 200 294 "-" "-"
::1 - - [10/Mar/2025:23:22:31 +0000] "GET /api/products/44b9897f40089636bb498e14 HTTP/1.1" 404 22 "-" "-"
::1 - - [10/Mar/2025:23:22:31 +0000] "POST /api/sessions/signout HTTP/1.1" 200 44 "-" "-"
::1 - - [10/Mar/2025:23:23:47 +0000] "POST /api/sessions/login HTTP/1.1" 200 45 "-" "-"
::1 - - [10/Mar/2025:23:23:47 +0000] "POST /api/products HTTP/1.1" 201 294 "-" "-"
::1 - - [10/Mar/2025:23:23:47 +0000] "DELETE /api/products/7eec5181924d4074c9ff89b0 HTTP/1.1" 200 294 "-" "-"
::1 - - [10/Mar/2025:23:23:47 +0000] "GET /api/products/7eec5181924d4074c9ff89b0 HTTP/1.1" 404 22 "-" "-"
::1 - - [10/Mar/2025:23:23:47 +0000] "POST /api/sessions/signout HTTP/1.1" 200 44 "-" "-"
::1 - - [10/Mar/2025:23:25:48 +0000] "POST /api/sessions/signout HTTP/1.1" 401 21 "-" "PostmanRuntime/7.43.0"
::1 - - [10/Mar/2025:23:25:51 +0000] "POST /api/sessions/login HTTP/1.1" 200 45 "-" "PostmanRuntime/7.43.0"
::1 - - [10/Mar/2025:23:25:53 +0000] "POST /api/sessions/signout HTTP/1.1" 200 44 "-" "PostmanRuntime/7.43.0"
::1 - - [10/Mar/2025:23:26:16 +0000] "POST /api/sessions/login HTTP/1.1" 200 45 "-" "-"
::1 - - [10/Mar/2025:23:26:16 +0000] "POST /api/products HTTP/1.1" 201 294 "-" "-"
::1 - - [10/Mar/2025:23:26:16 +0000] "DELETE /api/products/4f015d3a900919e7a1a52660 HTTP/1.1" 200 294 "-" "-"
::1 - - [10/Mar/2025:23:26:16 +0000] "GET /api/products/4f015d3a900919e7a1a52660 HTTP/1.1" 404 22 "-" "-"
::1 - - [10/Mar/2025:23:26:17 +0000] "POST /api/sessions/signout HTTP/1.1" 200 44 "-" "-"
::1 - - [10/Mar/2025:23:33:58 +0000] "POST /api/sessions/register HTTP/1.1" 401 51 "-" "PostmanRuntime/7.43.0"
::1 - - [10/Mar/2025:23:36:07 +0000] "POST /api/sessions/online HTTP/1.1" 401 21 "-" "PostmanRuntime/7.43.0"
::1 - - [10/Mar/2025:23:36:10 +0000] "POST /api/sessions/login HTTP/1.1" 200 45 "-" "PostmanRuntime/7.43.0"
::1 - - [10/Mar/2025:23:36:13 +0000] "POST /api/sessions/online HTTP/1.1" 200 70 "-" "PostmanRuntime/7.43.0"
::1 - - [10/Mar/2025:23:39:06 +0000] "POST /api/sessions/login HTTP/1.1" 200 45 "-" "-"
::1 - - [10/Mar/2025:23:39:06 +0000] "POST /api/products HTTP/1.1" 201 294 "-" "-"
::1 - - [10/Mar/2025:23:39:06 +0000] "DELETE /api/products/d8289f29c5e93a66deb217a2 HTTP/1.1" 200 294 "-" "-"
::1 - - [10/Mar/2025:23:39:06 +0000] "GET /api/products/d8289f29c5e93a66deb217a2 HTTP/1.1" 404 22 "-" "-"
::1 - - [10/Mar/2025:23:39:06 +0000] "POST /api/sessions/signout HTTP/1.1" 200 44 "-" "-"
::1 - - [10/Mar/2025:23:39:06 +0000] "POST /api/sessions/register HTTP/1.1" 401 51 "-" "-"
::1 - - [10/Mar/2025:23:39:06 +0000] "POST /api/sessions/login HTTP/1.1" 200 45 "-" "-"
::1 - - [10/Mar/2025:23:39:06 +0000] "POST /api/sessions/online HTTP/1.1" 200 70 "-" "-"
::1 - - [10/Mar/2025:23:39:06 +0000] "POST /api/sessions/signout HTTP/1.1" 200 44 "-" "-"
::1 - - [10/Mar/2025:23:40:29 +0000] "POST /api/sessions/login HTTP/1.1" 200 45 "-" "-"
::1 - - [10/Mar/2025:23:40:29 +0000] "POST /api/products HTTP/1.1" 201 294 "-" "-"
::1 - - [10/Mar/2025:23:40:29 +0000] "DELETE /api/products/e82f8c8569ac65dbac28942d HTTP/1.1" 200 294 "-" "-"
::1 - - [10/Mar/2025:23:40:29 +0000] "GET /api/products/e82f8c8569ac65dbac28942d HTTP/1.1" 404 22 "-" "-"
::1 - - [10/Mar/2025:23:40:30 +0000] "POST /api/sessions/signout HTTP/1.1" 200 44 "-" "-"
::1 - - [10/Mar/2025:23:40:30 +0000] "POST /api/sessions/register HTTP/1.1" 401 51 "-" "-"
::1 - - [10/Mar/2025:23:40:30 +0000] "POST /api/sessions/login HTTP/1.1" 200 45 "-" "-"
::1 - - [10/Mar/2025:23:40:30 +0000] "POST /api/sessions/online HTTP/1.1" 200 70 "-" "-"
::1 - - [10/Mar/2025:23:40:30 +0000] "POST /api/sessions/signout HTTP/1.1" 200 44 "-" "-"
::1 - - [10/Mar/2025:23:48:34 +0000] "GET /api/products/679bdfebdd0337057c0395ca HTTP/1.1" 200 389 "-" "PostmanRuntime/7.43.0"
::1 - - [11/Mar/2025:01:09:33 +0000] "POST /api/sessions/login HTTP/1.1" 200 45 "-" "-"
::1 - - [11/Mar/2025:01:09:33 +0000] "POST /api/products HTTP/1.1" 201 287 "-" "-"
::1 - - [11/Mar/2025:01:09:33 +0000] "GET /api/products/6c8369e85e1128e99fa8ece1 HTTP/1.1" 200 286 "-" "-"
::1 - - [11/Mar/2025:01:09:33 +0000] "POST /api/sessions/signout HTTP/1.1" 200 44 "-" "-"
::1 - - [11/Mar/2025:01:12:20 +0000] "POST /api/sessions/login HTTP/1.1" 200 45 "-" "-"
::1 - - [11/Mar/2025:01:12:21 +0000] "POST /api/products HTTP/1.1" 201 287 "-" "-"
::1 - - [11/Mar/2025:01:12:21 +0000] "GET /api/products/5a14f4d626e84efd503fe685 HTTP/1.1" 200 286 "-" "-"
::1 - - [11/Mar/2025:01:12:21 +0000] "POST /api/sessions/signout HTTP/1.1" 200 44 "-" "-"
::1 - - [11/Mar/2025:01:13:03 +0000] "POST /api/sessions/login HTTP/1.1" 200 45 "-" "-"
::1 - - [11/Mar/2025:01:13:04 +0000] "POST /api/products HTTP/1.1" 201 287 "-" "-"
::1 - - [11/Mar/2025:01:13:04 +0000] "GET /api/products/91be49e30f2f0111fd1caf06 HTTP/1.1" 200 286 "-" "-"
::1 - - [11/Mar/2025:01:13:04 +0000] "POST /api/sessions/signout HTTP/1.1" 200 44 "-" "-"
::1 - - [11/Mar/2025:01:16:37 +0000] "POST /api/sessions/login HTTP/1.1" 200 45 "-" "PostmanRuntime/7.43.0"
::1 - - [11/Mar/2025:01:16:40 +0000] "PUT /api/products/67647e23326c18fbf316e002 HTTP/1.1" 404 22 "-" "PostmanRuntime/7.43.0"
::1 - - [11/Mar/2025:01:16:45 +0000] "GET /api/products/ HTTP/1.1" 200 - "-" "PostmanRuntime/7.43.0"
::1 - - [11/Mar/2025:01:16:54 +0000] "PUT /api/products/679bdfebdd0337057c0395ca HTTP/1.1" 200 387 "-" "PostmanRuntime/7.43.0"
::1 - - [11/Mar/2025:01:19:10 +0000] "POST /api/sessions/login HTTP/1.1" 200 45 "-" "-"
::1 - - [11/Mar/2025:01:19:10 +0000] "POST /api/products HTTP/1.1" 201 287 "-" "-"
::1 - - [11/Mar/2025:01:19:10 +0000] "GET /api/products/80014429af78766aad2d0d54 HTTP/1.1" 200 286 "-" "-"
::1 - - [11/Mar/2025:01:19:10 +0000] "PUT /api/products/80014429af78766aad2d0d54 HTTP/1.1" 200 289 "-" "-"
::1 - - [11/Mar/2025:01:19:10 +0000] "GET /api/products/80014429af78766aad2d0d54 HTTP/1.1" 200 288 "-" "-"
::1 - - [11/Mar/2025:01:19:10 +0000] "POST /api/sessions/signout HTTP/1.1" 200 44 "-" "-"
::1 - - [11/Mar/2025:01:22:12 +0000] "POST /api/sessions/login HTTP/1.1" 200 45 "-" "-"
::1 - - [11/Mar/2025:01:22:13 +0000] "POST /api/products HTTP/1.1" 201 287 "-" "-"
::1 - - [11/Mar/2025:01:22:13 +0000] "GET /api/products/b6226f18df5c1e68cf700155 HTTP/1.1" 200 286 "-" "-"
::1 - - [11/Mar/2025:01:22:13 +0000] "PUT /api/products/b6226f18df5c1e68cf700155 HTTP/1.1" 200 289 "-" "-"
::1 - - [11/Mar/2025:01:22:13 +0000] "GET /api/products/b6226f18df5c1e68cf700155 HTTP/1.1" 200 288 "-" "-"
::1 - - [11/Mar/2025:01:22:13 +0000] "DELETE /api/products/b6226f18df5c1e68cf700155 HTTP/1.1" 200 289 "-" "-"
::1 - - [11/Mar/2025:01:22:14 +0000] "GET /api/products/b6226f18df5c1e68cf700155 HTTP/1.1" 404 22 "-" "-"
::1 - - [11/Mar/2025:01:22:14 +0000] "POST /api/sessions/signout HTTP/1.1" 200 44 "-" "-"
::1 - - [11/Mar/2025:01:25:05 +0000] "POST /api/sessions/login HTTP/1.1" 200 45 "-" "-"
::1 - - [11/Mar/2025:01:25:05 +0000] "POST /api/products HTTP/1.1" 201 294 "-" "-"
::1 - - [11/Mar/2025:01:25:05 +0000] "DELETE /api/products/3b8c248dcec3279c977cb77d HTTP/1.1" 200 294 "-" "-"
::1 - - [11/Mar/2025:01:25:05 +0000] "GET /api/products/3b8c248dcec3279c977cb77d HTTP/1.1" 404 22 "-" "-"
::1 - - [11/Mar/2025:01:25:05 +0000] "POST /api/sessions/signout HTTP/1.1" 200 44 "-" "-"
::1 - - [11/Mar/2025:01:25:05 +0000] "POST /api/sessions/register HTTP/1.1" 401 51 "-" "-"
::1 - - [11/Mar/2025:01:25:05 +0000] "POST /api/sessions/login HTTP/1.1" 200 45 "-" "-"
::1 - - [11/Mar/2025:01:25:05 +0000] "POST /api/sessions/online HTTP/1.1" 200 70 "-" "-"
::1 - - [11/Mar/2025:01:25:05 +0000] "POST /api/sessions/signout HTTP/1.1" 200 44 "-" "-"
::1 - - [11/Mar/2025:01:25:06 +0000] "POST /api/sessions/login HTTP/1.1" 200 45 "-" "-"
::1 - - [11/Mar/2025:01:25:06 +0000] "POST /api/products HTTP/1.1" 201 287 "-" "-"
::1 - - [11/Mar/2025:01:25:06 +0000] "GET /api/products/21db48a314e77f48f5a0f9a4 HTTP/1.1" 200 286 "-" "-"
::1 - - [11/Mar/2025:01:25:06 +0000] "PUT /api/products/21db48a314e77f48f5a0f9a4 HTTP/1.1" 200 289 "-" "-"
::1 - - [11/Mar/2025:01:25:06 +0000] "GET /api/products/21db48a314e77f48f5a0f9a4 HTTP/1.1" 200 288 "-" "-"
::1 - - [11/Mar/2025:01:25:06 +0000] "DELETE /api/products/21db48a314e77f48f5a0f9a4 HTTP/1.1" 200 289 "-" "-"
::1 - - [11/Mar/2025:01:25:06 +0000] "GET /api/products/21db48a314e77f48f5a0f9a4 HTTP/1.1" 404 22 "-" "-"
::1 - - [11/Mar/2025:01:25:06 +0000] "POST /api/sessions/signout HTTP/1.1" 200 44 "-" "-"
::1 - - [11/Mar/2025:01:29:04 +0000] "POST /api/sessions/login HTTP/1.1" 200 45 "-" "PostmanRuntime/7.43.0"
::1 - - [11/Mar/2025:01:29:08 +0000] "GET /api/carts/ HTTP/1.1" 200 269 "-" "PostmanRuntime/7.43.0"
::1 - - [11/Mar/2025:01:31:57 +0000] "POST /api/sessions/login HTTP/1.1" 200 45 "-" "-"
::1 - - [11/Mar/2025:01:31:57 +0000] "POST /api/products HTTP/1.1" 201 294 "-" "-"
::1 - - [11/Mar/2025:01:31:58 +0000] "DELETE /api/products/47e95918ef368d4f7748ae7c HTTP/1.1" 200 294 "-" "-"
::1 - - [11/Mar/2025:01:31:58 +0000] "GET /api/products/47e95918ef368d4f7748ae7c HTTP/1.1" 404 22 "-" "-"
::1 - - [11/Mar/2025:01:31:58 +0000] "POST /api/sessions/signout HTTP/1.1" 200 44 "-" "-"
::1 - - [11/Mar/2025:01:31:58 +0000] "POST /api/sessions/register HTTP/1.1" 401 51 "-" "-"
::1 - - [11/Mar/2025:01:31:59 +0000] "POST /api/sessions/login HTTP/1.1" 200 45 "-" "-"
::1 - - [11/Mar/2025:01:31:59 +0000] "POST /api/sessions/online HTTP/1.1" 200 70 "-" "-"
::1 - - [11/Mar/2025:01:31:59 +0000] "POST /api/sessions/signout HTTP/1.1" 200 44 "-" "-"
::1 - - [11/Mar/2025:01:31:59 +0000] "POST /api/sessions/login HTTP/1.1" 200 45 "-" "-"
::1 - - [11/Mar/2025:01:32:00 +0000] "GET /api/carts/ HTTP/1.1" 200 269 "-" "-"
::1 - - [11/Mar/2025:01:32:00 +0000] "POST /api/products HTTP/1.1" 201 287 "-" "-"
::1 - - [11/Mar/2025:01:32:00 +0000] "GET /api/products/fefe629bc5c9b4660bac9f3b HTTP/1.1" 200 286 "-" "-"
::1 - - [11/Mar/2025:01:32:00 +0000] "PUT /api/products/fefe629bc5c9b4660bac9f3b HTTP/1.1" 200 289 "-" "-"
::1 - - [11/Mar/2025:01:32:00 +0000] "GET /api/products/fefe629bc5c9b4660bac9f3b HTTP/1.1" 200 288 "-" "-"
::1 - - [11/Mar/2025:01:32:01 +0000] "DELETE /api/products/fefe629bc5c9b4660bac9f3b HTTP/1.1" 200 289 "-" "-"
::1 - - [11/Mar/2025:01:32:01 +0000] "GET /api/products/fefe629bc5c9b4660bac9f3b HTTP/1.1" 404 22 "-" "-"
::1 - - [11/Mar/2025:01:32:01 +0000] "POST /api/sessions/signout HTTP/1.1" 200 44 "-" "-"
::1 - - [11/Mar/2025:01:36:21 +0000] "POST /api/mocks/2/3 HTTP/1.1" 200 - "http://localhost:9000/api/docs/" "Mozilla/5.0 (Windows NT 10.0; Win64; x64) AppleWebKit/537.36 (KHTML, like Gecko) Chrome/134.0.0.0 Safari/537.36"
::1 - - [11/Mar/2025:01:39:22 +0000] "POST /api/mocks/2/3 HTTP/1.1" 200 - "http://localhost:9000/api/docs/" "Mozilla/5.0 (Windows NT 10.0; Win64; x64) AppleWebKit/537.36 (KHTML, like Gecko) Chrome/134.0.0.0 Safari/537.36"
::1 - - [11/Mar/2025:01:40:31 +0000] "POST /api/sessions/login HTTP/1.1" 200 45 "-" "-"
::1 - - [11/Mar/2025:01:40:31 +0000] "POST /api/products HTTP/1.1" 201 294 "-" "-"
::1 - - [11/Mar/2025:01:40:31 +0000] "DELETE /api/products/982b16f4ed15c0fc011ab986 HTTP/1.1" 200 294 "-" "-"
::1 - - [11/Mar/2025:01:40:31 +0000] "GET /api/products/982b16f4ed15c0fc011ab986 HTTP/1.1" 404 22 "-" "-"
::1 - - [11/Mar/2025:01:40:31 +0000] "POST /api/sessions/signout HTTP/1.1" 200 44 "-" "-"
::1 - - [11/Mar/2025:01:40:31 +0000] "POST /api/sessions/register HTTP/1.1" 401 51 "-" "-"
::1 - - [11/Mar/2025:01:40:31 +0000] "POST /api/sessions/login HTTP/1.1" 200 45 "-" "-"
::1 - - [11/Mar/2025:01:40:31 +0000] "POST /api/sessions/online HTTP/1.1" 200 70 "-" "-"
::1 - - [11/Mar/2025:01:40:32 +0000] "POST /api/sessions/signout HTTP/1.1" 200 44 "-" "-"
::1 - - [11/Mar/2025:01:40:32 +0000] "POST /api/sessions/login HTTP/1.1" 200 45 "-" "-"
::1 - - [11/Mar/2025:01:40:32 +0000] "GET /api/carts/ HTTP/1.1" 200 269 "-" "-"
::1 - - [11/Mar/2025:01:40:32 +0000] "POST /api/products HTTP/1.1" 201 287 "-" "-"
::1 - - [11/Mar/2025:01:40:32 +0000] "GET /api/products/cce1480117f539c053e8d2a1 HTTP/1.1" 200 286 "-" "-"
::1 - - [11/Mar/2025:01:40:32 +0000] "PUT /api/products/cce1480117f539c053e8d2a1 HTTP/1.1" 200 289 "-" "-"
::1 - - [11/Mar/2025:01:40:32 +0000] "GET /api/products/cce1480117f539c053e8d2a1 HTTP/1.1" 200 288 "-" "-"
::1 - - [11/Mar/2025:01:40:32 +0000] "DELETE /api/products/cce1480117f539c053e8d2a1 HTTP/1.1" 200 289 "-" "-"
::1 - - [11/Mar/2025:01:40:32 +0000] "GET /api/products/cce1480117f539c053e8d2a1 HTTP/1.1" 404 22 "-" "-"
::1 - - [11/Mar/2025:01:40:33 +0000] "POST /api/sessions/signout HTTP/1.1" 200 44 "-" "-"
::1 - - [11/Mar/2025:01:40:33 +0000] "GET /api/artillery/simplex HTTP/1.1" 200 17 "-" "-"
::1 - - [11/Mar/2025:01:40:33 +0000] "GET /api/artillery/complex HTTP/1.1" 200 29 "-" "-"
::1 - - [11/Mar/2025:01:40:33 +0000] "POST /api/mocks/2/3 HTTP/1.1" 200 - "-" "-"
